<?xml version="1.0" encoding="UTF-8"?>
<testsuite name="Scenario: Newsletter Error" time="1.277" tests="34" errors="0" skipped="0" failures="0">
  <properties>
[...]
</properties>
  <testcase name="Given User is on pdp Page" classname="Scenario: View all elements on PDP Page" time="0.001"/>
  <testcase name="Then the following elements of the &quot;pdp&quot; should be displayed" classname="Scenario: View all elements on PDP Page" time="0"/>
  <testcase name="Scenario: View all elements on PDP Page" classname="Scenario: View all elements on PDP Page" time="0.235"/>
  <testcase name="Given User is on Category Page" classname="Scenario: View all elements on category page" time="0"/>
  <testcase name="Then the following elements of the &quot;category&quot; should be displayed" classname="Scenario: View all elements on category page" time="0"/>
  <testcase name="Scenario: View all elements on category page" classname="Scenario: View all elements on category page" time="0.13"/>
  <testcase name="Scenario: View all elements on category page" classname="Scenario: View all elements on category page" time="0.123"/>
  <testcase name="Given User is on Category Page" classname="Scenario: Dropdowns work" time="0"/>
  <testcase name="Then Verify that dropdowns are usable" classname="Scenario: Dropdowns work" time="0"/>
  <testcase name="Scenario: Dropdowns work" classname="Scenario: Dropdowns work" time="0.151"/>
  <testcase name="Given User is on Category Page" classname="Scenario: Product Grid" time="0"/>
  <testcase name="And select a category" classname="Scenario: Product Grid" time="0"/>
  <testcase name="And Hover on product image" classname="Scenario: Product Grid" time="0"/>
  <testcase name="Then the following elements of the &quot;category&quot; should be displayed" classname="Scenario: Product Grid" time="0"/>
  <testcase name="Scenario: Product Grid" classname="Scenario: Product Grid" time="0.128"/>
  <testcase name="Given User is on Category Page" classname="Scenario: Compare button is displayed" time="0"/>
  <testcase name="And select a category" classname="Scenario: Compare button is displayed" time="0"/>
  <testcase name="Then Verify that user can go to compare page" classname="Scenario: Compare button is displayed" time="0"/>
  <testcase name="Scenario: Compare button is displayed" classname="Scenario: Compare button is displayed" time="0.122"/>
  <testcase name="Given User is on compare Page" classname="Scenario: View all elements on category page" time="0"/>
  <testcase name="Then the following elements of the &quot;compare&quot; should be displayed" classname="Scenario: View all elements on category page" time="0"/>
  <testcase name="Given User is on Category Page" classname="Scenario: View header and Footer" time="0"/>
  <testcase name="Then the following elements of the &quot;navigation&quot; should be displayed" classname="Scenario: View header and Footer" time="0"/>
  <testcase name="Scenario: View header and Footer" classname="Scenario: View header and Footer" time="0.132"/>
  <testcase name="Given User is on Category Page" classname="Scenario: View hamburger nav in header" time="0"/>
  <testcase name="Then Scroll down on the page" classname="Scenario: View hamburger nav in header" time="0"/>
  <testcase name="And verify hamburger nav is displayed" classname="Scenario: View hamburger nav in header" time="0"/>
  <testcase name="Scenario: View hamburger nav in header" classname="Scenario: View hamburger nav in header" time="0.128"/>
  <testcase name="Given User is on Category Page" classname="Scenario: Able to subscribe to Newsletter" time="0"/>
  <testcase name="Then verify user is able to successfully subscribe to newsletter" classname="Scenario: Able to subscribe to Newsletter" time="0"/>
  <testcase name="Scenario: Able to subscribe to Newsletter" classname="Scenario: Able to subscribe to Newsletter" time="0.123"/>
  <testcase name="Given User is on Category Page" classname="Scenario: Newsletter Error" time="0"/>
  <testcase name="Then Error is displayed on entering an invalid email" classname="Scenario: Newsletter Error" time="0"/>
  <testcase name="Scenario: Newsletter Error" classname="Scenario: Newsletter Error" time="0.127"/>
</testsuite>